<?xml version="1.0" encoding="UTF-8"?>
<!-- Generated by org.testng.reporters.JUnitReportReporter -->
<testsuite hostname="DESKTOP-UT4RCQ5" failures="0" tests="1" name="FacebookTest" time="6.938" errors="0" timestamp="2024-10-16T12:20:17 PDT" skipped="0">
  <testcase classname="FacebookTest" name="f" time="6.938"/>
  <system-out/>
</testsuite> <!-- FacebookTest -->
