<?xml version="1.0" encoding="UTF-8"?>
<!-- Generated by org.testng.reporters.JUnitReportReporter -->
<testsuite hostname="DESKTOP-UT4RCQ5" failures="0" tests="1" name="FacebookTest" time="7.339" errors="0" timestamp="2024-10-17T11:08:59 PDT" skipped="0">
  <testcase classname="FacebookTest" name="f" time="7.339"/>
</testsuite> <!-- FacebookTest -->
